<?xml version="1.0" encoding="UTF-8"?>
<!-- Generated by org.testng.reporters.JUnitReportReporter -->
<testsuite hostname="Ashu" failures="0" tests="1" name="CLS.CLS_Form" time="362.195" errors="0" timestamp="2021-06-08T18:03:08 IST" skipped="0">
  <testcase classname="CLS.CLS_Form" name="login" time="362.195"/>
  <system-out/>
</testsuite> <!-- CLS.CLS_Form -->
