<?xml version="1.0" encoding="UTF-8"?>
<!-- Generated by org.testng.reporters.JUnitReportReporter -->
<testsuite hostname="Ashu" failures="0" tests="1" name="CLS.testingdemo" time="0.033" errors="0" timestamp="2021-05-14T17:04:29 IST" skipped="0">
  <testcase classname="CLS.testingdemo" name="f1" time="0.033"/>
  <system-out/>
</testsuite> <!-- CLS.testingdemo -->
