<?xml version="1.0" encoding="UTF-8"?>
<!-- Generated by org.testng.reporters.JUnitReportReporter -->
<testsuite hostname="Ashu" failures="0" tests="1" name="CLS.LoginCLS" time="15.967" errors="0" timestamp="2021-06-05T14:19:10 IST" skipped="0">
  <testcase classname="CLS.LoginCLS" name="login" time="15.967"/>
  <system-out/>
</testsuite> <!-- CLS.LoginCLS -->
