<?xml version="1.0" encoding="UTF-8"?>
<!-- Generated by org.testng.reporters.JUnitReportReporter -->
<testsuite hostname="Ashu" failures="0" tests="5" name="Seleniumbasic.PriorityTest" time="0.065" errors="0" timestamp="2021-06-04T15:23:47 IST" skipped="0">
  <testcase classname="Seleniumbasic.PriorityTest" name="test1" time="0.007"/>
  <system-out/>
  <testcase classname="Seleniumbasic.PriorityTest" name="f1" time="0.029"/>
  <system-out/>
  <testcase classname="Seleniumbasic.PriorityTest" name="googleLogoTest" time="0.010"/>
  <system-out/>
  <testcase classname="Seleniumbasic.PriorityTest" name="searchTest" time="0.009"/>
  <system-out/>
  <testcase classname="Seleniumbasic.PriorityTest" name="googleTitleTest" time="0.010"/>
  <system-out/>
</testsuite> <!-- Seleniumbasic.PriorityTest -->
